"../../../Engine/Content/Functions/Engine_MaterialFunctions01/Opacity/CameraDepthFade.uasset" 0
"../../../Engine/Content/EngineMaterials/T_Default_Material_Grid_M.uasset" 1
"../../../Engine/Content/EngineMaterials/T_Default_Material_Grid_N.uasset" 2
"../../../Engine/Content/EngineMaterials/DefaultMaterial.uasset" 3
"../../../Engine/Content/BasicShapes/Cone.uasset" 4
"../../../Engine/Content/BasicShapes/Cylinder.uasset" 5
"../../../Engine/Content/EngineMaterials/WorldGridMaterial.uasset" 6
"../../../Engine/Content/BasicShapes/Plane.uasset" 7
"../../../Engine/Content/EditorLandscapeResources/DataLayer.uasset" 8
"../../../Engine/Content/EditorMaterials/GizmoMaterial.uasset" 9
"../../../Engine/Content/EditorMaterials/MAT_Groups_Toggle.uasset" 10
"../../../Engine/Content/EditorMaterials/MAT_Groups_Visibility.uasset" 11
"../../../Engine/Content/EditorMaterials/PreviewShadowIndicator.uasset" 12
"../../../Engine/Content/EditorMaterials/PreviewShadowIndicatorMaterial.uasset" 13
"../../../Engine/Content/EditorMaterials/AssetViewer/EpicQuadPanorama_CC+EV1.uasset" 14
"../../../Engine/Content/EditorMaterials/MatineeGroups/MAT_ColorTrack.uasset" 15
"../../../Engine/Content/EditorMaterials/MatineeGroups/MAT_Groups_Anim.uasset" 16
"../../../Engine/Content/EditorMaterials/MatineeGroups/MAT_Groups_AudioMaster.uasset" 17
"../../../Engine/Content/EditorMaterials/MatineeGroups/MAT_Groups_Director.uasset" 18
"../../../Engine/Content/EditorMaterials/MatineeGroups/MAT_Groups_Event.uasset" 19
"../../../Engine/Content/EditorMaterials/MatineeGroups/MAT_Groups_Fade.uasset" 20
"../../../Engine/Content/EditorMaterials/MatineeGroups/MAT_Groups_Float.uasset" 21
"../../../Engine/Content/EditorMaterials/MatineeGroups/MAT_Groups_Move.uasset" 22
"../../../Engine/Content/EditorMaterials/MatineeGroups/MAT_Groups_Slomo.uasset" 23
"../../../Engine/Content/EditorMaterials/MatineeGroups/MAT_Groups_Sound.uasset" 24
"../../../Engine/Content/EditorMaterials/MatineeGroups/MAT_Groups_Vector.uasset" 25
"../../../Engine/Content/EditorMaterials/ParticleSystems/PSysThumbnail_NoImage.uasset" 26
"../../../Engine/Content/EditorMaterials/ParticleSystems/PSysThumbnail_OOD.uasset" 27
"../../../Engine/Content/EditorMaterials/Camera/CineMat.uasset" 28
"../../../Engine/Content/EditorMaterials/Camera/MI_CineMat_Rig.uasset" 29
"../../../Engine/Content/EditorMeshes/Camera/SM_CraneRig_Arm.uasset" 30
"../../../Engine/Content/EditorMeshes/Camera/SM_CraneRig_Base.uasset" 31
"../../../Engine/Content/EditorMeshes/Camera/SM_CraneRig_Body.uasset" 32
"../../../Engine/Content/EditorMeshes/Camera/SM_CraneRig_Mount.uasset" 33
"../../../Engine/Content/EditorMeshes/Camera/SM_RailRig_Mount.uasset" 34
"../../../Engine/Content/EditorMeshes/Camera/SM_RailRig_Track.uasset" 35
"../../../Engine/Content/EditorResources/BSPVertex.uasset" 36
"../../../Engine/Content/EditorResources/EmptyActor.uasset" 37
"../../../Engine/Content/EditorResources/RGBTable16x1_AssetViewer.uasset" 38
"../../../Engine/Content/EditorResources/S_Actor.uasset" 39
"../../../Engine/Content/EditorResources/S_Trigger.uasset" 40
"../../../Engine/Content/EditorResources/AudioIcons/S_AudioComponent.uasset" 41
"../../../Engine/Content/EditorResources/AudioIcons/S_AudioComponent_AutoActivate.uasset" 42
"../../../Engine/Content/EditorResources/LightIcons/S_LightError.uasset" 43
"../../../Engine/Content/EditorResources/SequenceRecorder/Countdown.uasset" 44
"../../../Engine/Content/EditorResources/SequenceRecorder/RecordingIndicator.uasset" 45
"../../../Engine/Content/EditorSounds/Notifications/CompileFailed.uasset" 46
"../../../Engine/Content/EditorSounds/Notifications/CompileFailed_Cue.uasset" 47
"../../../Engine/Content/EditorSounds/Notifications/CompileSuccess.uasset" 48
"../../../Engine/Content/EditorSounds/Notifications/CompileStart_Cue.uasset" 49
"../../../Engine/Content/EditorSounds/Notifications/CompileSuccess_Cue.uasset" 50
"../../../Engine/Content/EngineDamageTypes/DmgTypeBP_Environmental.uasset" 51
"../../../Engine/Content/EngineDebugMaterials/HeatmapGradient.uasset" 52
"../../../Engine/Content/EngineDebugMaterials/BoneWeightMaterial.uasset" 53
"../../../Engine/Content/EngineDebugMaterials/DebugMeshMaterial.uasset" 54
"../../../Engine/Content/EngineDebugMaterials/GeomMaterial.uasset" 55
"../../../Engine/Content/EngineFonts/Faces/RobotoBold.uasset" 56
"../../../Engine/Content/EngineFonts/Faces/RobotoBoldItalic.uasset" 57
"../../../Engine/Content/EngineFonts/Faces/RobotoItalic.uasset" 58
"../../../Engine/Content/EngineFonts/Faces/RobotoLight.uasset" 59
"../../../Engine/Content/EngineFonts/Faces/RobotoRegular.uasset" 60
"../../../Engine/Content/EngineFonts/Roboto.uasset" 61
"../../../Engine/Content/EngineFonts/Faces/RobotoTiny.uasset" 62
"../../../Engine/Content/EngineFonts/RobotoTiny.uasset" 63
"../../../Engine/Content/EngineMaterials/DefaultBokeh.uasset" 64
"../../../Engine/Content/EngineMaterials/DefaultDiffuse.uasset" 65
"../../../Engine/Content/EngineMaterials/DefaultDeferredDecalMaterial.uasset" 66
"../../../Engine/Content/EngineMaterials/DefaultLightFunctionMaterial.uasset" 67
"../../../Engine/Content/EngineMaterials/DefaultPhysicalMaterial.uasset" 68
"../../../Engine/Content/Functions/Engine_MaterialFunctions02/Utility/BreakOutFloat2Components.uasset" 69
"../../../Engine/Content/EngineMaterials/DefaultPostProcessMaterial.uasset" 70
"../../../Engine/Content/EngineFonts/RobotoDistanceField.uasset" 71
"../../../Engine/Content/EngineMaterials/DefaultTextMaterialOpaque.uasset" 72
"../../../Engine/Content/EngineMaterials/DefaultWhiteGrid.uasset" 73
"../../../Engine/Content/EngineMaterials/EditorBrushMaterial.uasset" 74
"../../../Engine/Content/EngineMaterials/Good64x64TilingNoiseHighFreq.uasset" 75
"../../../Engine/Content/EngineMaterials/MiniFont.uasset" 76
"../../../Engine/Content/EngineMaterials/InvalidLightmapSettings.uasset" 77
"../../../Engine/Content/EngineMaterials/M_InvalidLightmapSettings.uasset" 78
"../../../Engine/Content/EngineMaterials/PhAT_JointLimitMaterial.uasset" 79
"../../../Engine/Content/EngineMaterials/PreintegratedSkinBRDF.uasset" 80
"../../../Engine/Content/EngineMaterials/RemoveSurfaceMaterial.uasset" 81
"../../../Engine/Content/EngineMaterials/WeightMapPlaceholderTexture.uasset" 82
"../../../Engine/Content/EngineResources/WhiteSquareTexture.uasset" 83
"../../../Engine/Content/EngineMaterials/Widget3DPassThrough.uasset" 84
"../../../Engine/Content/EngineMaterials/Widget3DPassThrough_Masked.uasset" 85
"../../../Engine/Content/EngineMaterials/Widget3DPassThrough_Opaque.uasset" 86
"../../../Engine/Content/EngineMaterials/Widget3DPassThrough_Masked_OneSided.uasset" 87
"../../../Engine/Content/EngineMaterials/Widget3DPassThrough_Opaque_OneSided.uasset" 88
"../../../Engine/Content/EngineMaterials/Widget3DPassThrough_Translucent.uasset" 89
"../../../Engine/Content/EngineMaterials/Widget3DPassThrough_Translucent_OneSided.uasset" 90
"../../../Engine/Content/EngineMeshes/Cube.uasset" 91
"../../../Engine/Content/EngineMeshes/Cylinder.uasset" 92
"../../../Engine/Content/EngineMeshes/Sphere.uasset" 93
"../../../Engine/Content/EngineResources/Black.uasset" 94
"../../../Engine/Content/EngineResources/DefaultTexture.uasset" 95
"../../../Engine/Content/EngineResources/DefaultTextureCube.uasset" 96
"../../../Engine/Content/EngineResources/GradientTexture0.uasset" 97
"../../../Engine/Content/EngineSounds/Master.uasset" 98
"../../../Engine/Content/Functions/Engine_MaterialFunctions01/Shading/ConvertFromDiffSpec.uasset" 99
"../../../Engine/Content/Functions/Engine_MaterialFunctions01/Shading/PowerToRoughness.uasset" 100
"../../../Engine/Content/Maps/Templates/Thumbnails/Default.uasset" 101
"../../../Engine/Content/Maps/Templates/Thumbnails/VR-Basic.uasset" 102
"../../../Engine/Content/MobileResources/T_MobileControls_texture.uasset" 103
"../../../Engine/Content/MobileResources/T_MobileMenu2.uasset" 104
"../../../Engine/Content/MobileResources/HUD/AnalogHat.uasset" 105
"../../../Engine/Content/MobileResources/HUD/VirtualJoystick_Background.uasset" 106
"../../../Engine/Content/MobileResources/HUD/VirtualJoystick_Thumb.uasset" 107
"../../../Engine/Content/MobileResources/HUD/DefaultVirtualJoysticks.uasset" 108
"../../../Engine/Content/MobileResources/HUD/LeftVirtualJoystickOnly.uasset" 109
"../../../Engine/Content/MobileResources/HUD/MobileHUDButton1_off.uasset" 110
"../../../Engine/Content/MobileResources/HUD/MobileHUDButton1_on.uasset" 111
"../../../Engine/Content/MobileResources/HUD/MobileHUDButton2_off.uasset" 112
"../../../Engine/Content/MobileResources/HUD/MobileHUDButton2_on.uasset" 113
"../../../Engine/Content/MobileResources/HUD/MobileHUDButton3.uasset" 114
"../../../Engine/Content/MobileResources/HUD/MobileHUDButtonFire.uasset" 115
"../../../Engine/Content/MobileResources/HUD/MobileHUDDirectionPad.uasset" 116
"../../../Engine/Content/MobileResources/HUD/MobileHUDDirectionPad2.uasset" 117
"../../../Engine/Content/MobileResources/HUD/MobileHUDDirectionPad3.uasset" 118
"../../../Engine/Content/MobileResources/HUD/MobileHUDDirectionStick.uasset" 119
"../../../Engine/Content/MobileResources/HUD/T_Castle_ThumbstickInner.uasset" 120
"../../../Engine/Content/MobileResources/HUD/T_Castle_ThumbstickOutter.uasset" 121
"../../../Engine/Content/Tutorial/ContentIntroCurve.uasset" 122
"../../../Engine/Content/Tutorial/Basics/TutorialAssets/icon_tab_Levels_40x.uasset" 123
"../../../Engine/Content/Tutorial/BlueprintTutorials/TutorialAssets/BlueprintInterface_64x.uasset" 124
"../../../Engine/Content/Tutorial/BlueprintTutorials/TutorialAssets/BlueprintMacroLibrary_64x.uasset" 125
"../../../Engine/Content/Tutorial/BlueprintTutorials/TutorialAssets/Blueprint_64x.uasset" 126
"../../../Engine/Content/Tutorial/BlueprintTutorials/TutorialAssets/Tutorial_BP_Interface.uasset" 127
"../../../Engine/Content/Tutorial/Foliage/TutorialAssets/Foliage.uasset" 128
"../../../Engine/Content/Tutorial/Landscape/TutorialAssets/Landscape.uasset" 129
"../../../Engine/Content/Tutorial/Paper2D/TutorialAssets/Paper2DFlipbook_TutorialIcon.uasset" 130
"../../../Engine/Content/Tutorial/Paper2D/TutorialAssets/Paper2DSprite_TutorialIcon.uasset" 131
"../../../Engine/Content/Tutorial/SubEditors/TutorialAssets/icon_Editor_Preferences_General_40x.uasset" 132
"../../../Engine/Content/Tutorial/SubEditors/TutorialAssets/icon_ShowSkeletalMeshes_40x.uasset" 133
"../../../Engine/Content/Tutorial/SubEditors/TutorialAssets/TutorialMaterial.uasset" 134
"../../../Engine/Content/Tutorial/SubEditors/TutorialAssets/T_SmokeSubUV_8X8.uasset" 135
"../../../Engine/Content/Tutorial/SubEditors/TutorialAssets/T_soft_smoke.uasset" 136
"../../../Engine/Content/Tutorial/SubEditors/TutorialAssets/M_smoke_subUV_blackbody.uasset" 137
"../../../Engine/Content/Tutorial/SubEditors/TutorialAssets/TutorialParticleSystem.uasset" 138
"../../../Engine/Content/EditorMeshes/EditorCube.uasset" 139
"../../../Engine/Content/Tutorial/SubEditors/TutorialAssets/Tutorial_DM.uasset" 140
"../../../Engine/Content/VREditor/Devices/Generic/GenericHMDMaterial.uasset" 141
"../../../Engine/Content/VREditor/Devices/Generic/GenericHMD.uasset" 142
"../../../Engine/Content/VREditor/FloatingText/LineMaterial.uasset" 143
"../../../Engine/Content/VREditor/FloatingText/JointSphere.uasset" 144
"../../../Engine/Content/VREditor/FloatingText/LineSegmentCylinder.uasset" 145
"../../../Engine/Content/VREditor/Fonts/VRText_RobotoLarge.uasset" 146
"../../../Engine/Content/VREditor/Fonts/VRTextMaterial.uasset" 147
"../../../Engine/Content/VREditor/Fonts/TranslucentVRTextMaterial.uasset" 148
"../../../Engine/Content/VREditor/LaserPointer/VR_LaserPower_01.uasset" 149
"../../../Engine/Content/VREditor/LaserPointer/LaserPointerMaterial.uasset" 150
"../../../Engine/Content/VREditor/LaserPointer/LaserPointerMaterialInst.uasset" 151
"../../../Engine/Content/VREditor/LaserPointer/TranslucentLaserPointerMaterialInst.uasset" 152
"../../../Engine/Content/VREditor/LaserPointer/LaserPointerMesh.uasset" 153
"../../../Engine/Content/VREditor/Sounds/VR_grab_Cue.uasset" 154
"../../../Engine/Content/VREditor/Sounds/VR_teleport_Cue.uasset" 155
"../../../Engine/Content/VREditor/TransformGizmo/TransformGizmoMaterial.uasset" 156
"../../../Engine/Content/VREditor/TransformGizmo/TranslucentTransformGizmoMaterial.uasset" 157
"../../../Engine/Content/VREditor/TransformGizmo/BoundingBoxCorner.uasset" 158
"../../../Engine/Content/VREditor/TransformGizmo/BoundingBoxEdge.uasset" 159
"../../../Engine/Content/VREditor/TransformGizmo/PlaneTranslationHandle.uasset" 160
"../../../Engine/Content/VREditor/TransformGizmo/RotationHandle.uasset" 161
"../../../Engine/Content/VREditor/TransformGizmo/RotationHandleFull.uasset" 162
"../../../Engine/Content/VREditor/TransformGizmo/StretchingHandle.uasset" 163
"../../../Engine/Content/VREditor/TransformGizmo/TranslateHandleLong.uasset" 164
"../../../Engine/Content/VREditor/TransformGizmo/TranslationHandle.uasset" 165
"../../../Engine/Content/VREditor/TransformGizmo/UniformScaleHandle.uasset" 166
"../../../Engine/Content/VREditor/UI/CloseButtonMesh.uasset" 167
"../../../Engine/Content/VREditor/UI/SelectionBarMesh.uasset" 168
"../../../Engine/Content/Functions/Engine_MaterialFunctions01/Gradient/RadialGradient.uasset" 169
"../../../Engine/Content/VREditor/WorldMovementGrid/SimpleGrid.uasset" 170
"../../../Engine/Content/VREditor/WorldMovementGrid/GridMaterial.uasset" 171
"../../../Engine/Content/Functions/Engine_MaterialFunctions01/Density/ExponentialDensity.uasset" 172
"../../../Engine/Content/VREditor/WorldMovementGrid/GridPostProcess.uasset" 173
"../../../Engine/Content/EditorLandscapeResources/FlattenHeightMat.uasset" 174
"../../../Engine/Content/VREditor/WorldMovementGrid/PlaneMesh.uasset" 175
"../../../MyProject/Content/Mannequin/Character/Mesh/UE4_Mannequin_Skeleton.uasset" 176
"../../../MyProject/Content/Mannequin/Animations/ThirdPersonCharacter/ThirdPerson_Jump.uasset" 177
"../../../MyProject/Content/Mannequin/Animations/ThirdPersonCharacter/ThirdPersonJump_Loop.uasset" 178
"../../../MyProject/Content/Mannequin/Animations/ThirdPersonCharacter/ThirdPersonJump_Start.uasset" 179
"../../../MyProject/Content/Mannequin/Animations/ThirdPersonCharacter/ThirdPersonSwordSwing1-1.uasset" 180
"../../../MyProject/Content/Mannequin/Animations/ThirdPersonCharacter/ThirdPersonIdleWithSword.uasset" 181
"../../../MyProject/Content/Mannequin/Animations/ThirdPersonCharacter/ThirdPersonRun.uasset" 182
"../../../MyProject/Content/Mannequin/Animations/ThirdPersonCharacter/ThirdPersonWalk.uasset" 183
"../../../MyProject/Content/Mannequin/Animations/ThirdPersonCharacter/ThirdPerson_IdleRun_2D.uasset" 184
"../../../Engine/Content/EditorBlueprintResources/StandardMacros.uasset" 185
"../../../MyProject/Content/Mannequin/Animations/ThirdPersonCharacter/ThirdPerson_AnimBP.uasset" 186
"../../../MyProject/Content/Mannequin/Character/Mesh/MainCharacter/Male/Male_Character_Skeleton.uasset" 187
"../../../MyProject/Content/Mannequin/Character/Mesh/MainCharacter/Male/Anims/MaleJumpEnd.uasset" 188
"../../../MyProject/Content/Mannequin/Character/Mesh/MainCharacter/Male/Anims/MaleJumpLoop.uasset" 189
"../../../MyProject/Content/Mannequin/Character/Mesh/MainCharacter/Male/Anims/MaleJumpStart.uasset" 190
"../../../MyProject/Content/Mannequin/Character/Mesh/MainCharacter/Male/Anims/MaleSwingWR.uasset" 191
"../../../MyProject/Content/Mannequin/Character/Mesh/MainCharacter/Male/Anims/MaleSwordSwing1.uasset" 192
"../../../MyProject/Content/Mannequin/Character/Mesh/MainCharacter/Male/Anims/MaleSwordSwing2.uasset" 193
"../../../MyProject/Content/Mannequin/Character/Mesh/MainCharacter/Male/Anims/MaleSwordSwing3.uasset" 194
"../../../MyProject/Content/Mannequin/Character/Mesh/MainCharacter/Male/Anims/MaleIdle.uasset" 195
"../../../MyProject/Content/Mannequin/Character/Mesh/MainCharacter/Male/Anims/MaleRun.uasset" 196
"../../../MyProject/Content/Mannequin/Character/Mesh/MainCharacter/Male/Anims/MaleWalkRun.uasset" 197
"../../../MyProject/Content/Mannequin/Character/Mesh/MainCharacter/Male/Anims/MaleAnimBP.uasset" 198
"../../../MyProject/Content/Blueprints/Player/PlayerHealth.uasset" 199
"../../../MyProject/Content/Blueprints/Player/Varis.uasset" 200
"../../../MyProject/Content/StarterContent/Materials/HealthPack.uasset" 201
"../../../Engine/Content/BasicShapes/Cube.uasset" 202
"../../../MyProject/Content/HUD/HealthBarWidget.uasset" 203
"../../../MyProject/Content/Blueprints/PowerUps/Health/HealthPowerUp.uasset" 204
"../../../MyProject/Content/Blueprints/Sword/FireSwordTexture.uasset" 205
"../../../MyProject/Content/Blueprints/Sword/FireSwordTexture_Mat.uasset" 206
"../../../MyProject/Content/Blueprints/Sword/IceSword.uasset" 207
"../../../MyProject/Content/Blueprints/Sword/IceSword_Mat.uasset" 208
"../../../MyProject/Content/Blueprints/Sword/SandSwordTexture.uasset" 209
"../../../MyProject/Content/Blueprints/Sword/SandSwordTexture_mat.uasset" 210
"../../../MyProject/Content/Blueprints/Sword/M_Blade_DragonSword_-_Default_Texture.uasset" 211
"../../../MyProject/Content/Blueprints/Sword/M_Blade_DragonSword.uasset" 212
"../../../MyProject/Content/Blueprints/Sword/tobyl.uasset" 213
"../../../MyProject/Content/Mannequin/Animations/Sword/M_Tech_Hex_Tile_Pulse.uasset" 214
"../../../MyProject/Content/Mannequin/Animations/Sword/Weapon_glowing_PhysicsAsset.uasset" 215
"../../../MyProject/Content/Mannequin/Animations/Sword/Weapon_glowing_Skeleton.uasset" 216
"../../../MyProject/Content/Mannequin/Animations/Sword/Weapon_glowing.uasset" 217
"../../../MyProject/Content/Blueprints/Sword/MySwordBP.uasset" 218
"../../../MyProject/Content/Mannequin/Character/Mesh/MainCharacter/Male/Fbx_Default_Material_1_-_Default_Texture.uasset" 219
"../../../MyProject/Content/Mannequin/Character/Mesh/MainCharacter/Male/MaleTexture.uasset" 220
"../../../MyProject/Content/Mannequin/Character/Mesh/MainCharacter/Male/Male_Character_PhysicsAsset.uasset" 221
"../../../MyProject/Content/Mannequin/Character/Mesh/MainCharacter/Male/Male_Character.uasset" 222
"../../../MyProject/Content/Blueprints/Player/SideScrollerCharacter.uasset" 223
"../../../MyProject/Content/MyMyProjectGameMode.uasset" 224
"../../../MyProject/Content/Blueprints/Enemies/Omega/Omega_Skeleton.uasset" 225
"../../../MyProject/Content/OmegaRemodeledAnim.uasset" 226
"../../../MyProject/Content/Omega_2_0_Anim.uasset" 227
"../../../MyProject/Content/Blueprints/Enemies/BoneSmasher/Model/Material__103.uasset" 228
"../../../MyProject/Content/Blueprints/Enemies/BoneSmasher/Model/boneSmasher_PhysicsAsset.uasset" 229
"../../../MyProject/Content/Blueprints/Enemies/BoneSmasher/Model/boneSmasher_Skeleton.uasset" 230
"../../../MyProject/Content/Blueprints/Enemies/BoneSmasher/Model/boneSmasher.uasset" 231
"../../../MyProject/Content/Blueprints/Enemies/BoneSmasher/boneSmasher.uasset" 232
"../../../MyProject/Content/Blueprints/Enemies/BoneSmasher/Model/boneSmasher_Anim.uasset" 233
"../../../MyProject/Content/Blueprints/Enemies/BoneSmasher/Model/Material__100.uasset" 234
"../../../MyProject/Content/Blueprints/Enemies/BoneSmasher/Model/Material__101.uasset" 235
"../../../MyProject/Content/Blueprints/Enemies/BoneSmasher/Model/Material__102.uasset" 236
"../../../MyProject/Content/Blueprints/Enemies/BoneSmasher/Model/Material__104.uasset" 237
"../../../MyProject/Content/Blueprints/Enemies/BoneSmasher/Model/Material__95.uasset" 238
"../../../MyProject/Content/Blueprints/Enemies/BoneSmasher/Model/Material__97.uasset" 239
"../../../MyProject/Content/Blueprints/Enemies/BoneSmasher/Model/Material__98.uasset" 240
"../../../MyProject/Content/Blueprints/Enemies/BoneSmasher/Model/Material__99.uasset" 241
"../../../MyProject/Content/StarterContent/Textures/T_CobbleStone_Rough_D.uasset" 242
"../../../MyProject/Content/StarterContent/Textures/T_CobbleStone_Rough_N.uasset" 243
"../../../MyProject/Content/StarterContent/Textures/T_Gradinet_01.uasset" 244
"../../../MyProject/Content/StarterContent/Textures/T_Rock_Smooth_Granite_D.uasset" 245
"../../../MyProject/Content/StarterContent/Materials/M_CobbleStone_Rough.uasset" 246
"../../../MyProject/Content/StarterContent/Textures/T_CobbleStone_Smooth_D.uasset" 247
"../../../MyProject/Content/StarterContent/Textures/T_CobbleStone_Smooth_M.uasset" 248
"../../../MyProject/Content/StarterContent/Textures/T_CobbleStone_Smooth_N.uasset" 249
"../../../MyProject/Content/StarterContent/Textures/T_MacroVariation.uasset" 250
"../../../MyProject/Content/StarterContent/Materials/M_CobbleStone_Smooth.uasset" 251
"../../../MyProject/Content/StarterContent/Materials/M_Metal_Chrome.uasset" 252
"../../../MyProject/Content/Blueprints/Enemies/Dragon/Broken_drago.uasset" 253
"../../../MyProject/Content/StarterContent/Textures/T_Fire_SubUV.uasset" 254
"../../../MyProject/Content/StarterContent/Textures/T_Fire_Tiled_D.uasset" 255
"../../../MyProject/Content/StarterContent/Particles/Materials/M_Fire_SubUV.uasset" 256
"../../../MyProject/Content/StarterContent/Textures/T_Water_N.uasset" 257
"../../../MyProject/Content/StarterContent/Particles/Materials/M_Heat_Distortion.uasset" 258
"../../../MyProject/Content/StarterContent/Particles/Materials/M_Radial_Gradient.uasset" 259
"../../../MyProject/Content/StarterContent/Textures/T_Smoke_SubUV.uasset" 260
"../../../MyProject/Content/StarterContent/Textures/T_Smoke_Tiled_D.uasset" 261
"../../../MyProject/Content/StarterContent/Particles/Materials/M_smoke_subUV.uasset" 262
"../../../MyProject/Content/StarterContent/Particles/P_Fire.uasset" 263
"../../../MyProject/Content/Blueprints/Enemies/Dragon/Dragon.uasset" 264
"../../../MyProject/Content/Blueprints/Enemies/Dragon/EYES_001.uasset" 265
"../../../MyProject/Content/Blueprints/Enemies/Dragon/Game_dragon_002.uasset" 266
"../../../MyProject/Content/Blueprints/Enemies/Dragon/Game_dragon_003.uasset" 267
"../../../MyProject/Content/Blueprints/Enemies/Dragon/Material_005.uasset" 268
"../../../MyProject/Content/Blueprints/Enemies/Dragon/Material_006.uasset" 269
"../../../MyProject/Content/Blueprints/Enemies/Omega/OmegaRemodeledAnim.uasset" 270
"../../../MyProject/Content/Blueprints/Enemies/Omega/Anims/OmegaRemodeledScreech.uasset" 271
"../../../MyProject/Content/Blueprints/Enemies/Omega/Materials/ShipText.uasset" 272
"../../../MyProject/Content/Blueprints/Enemies/Omega/Materials/Maximo_AlphaSG1_-_Default_Texture.uasset" 273
"../../../MyProject/Content/Blueprints/Enemies/Omega/Materials/ShipTexture.uasset" 274
"../../../MyProject/Content/Blueprints/Enemies/SandWorm/SandWorm_Skeleton.uasset" 275
"../../../MyProject/Content/Blueprints/Enemies/SandWorm/SandWorm_Anim.uasset" 276
"../../../MyProject/Content/StarterContent/Textures/T_Spark_Core.uasset" 277
"../../../MyProject/Content/StarterContent/Particles/Materials/M_Spark.uasset" 278
"../../../MyProject/Content/Blueprints/Etc/Rain.uasset" 279
"../../../MyProject/Content/StarterContent/Particles/Materials/m_flare_01.uasset" 280
"../../../MyProject/Content/Blueprints/Etc/Snowstorm.uasset" 281
"../../../MyProject/Content/Geometry/Meshes/CubeMaterial.uasset" 282
"../../../MyProject/Content/Geometry/Meshes/1M_Cube.uasset" 283
"../../../MyProject/Content/Blueprints/Etc/Geometry/DisappearingPlatform.uasset" 284
"../../../Engine/Content/BasicShapes/BasicShapeMaterial.uasset" 285
"../../../MyProject/Content/Blueprints/Etc/Geometry/FrontWall_Blueprint.uasset" 286
"../../../MyProject/Content/Blueprints/Etc/Geometry/Windmill_Platform.uasset" 287
"../../../MyProject/Content/Blueprints/Etc/PlayerInteraction/Doors/Line001Mat.uasset" 288
"../../../MyProject/Content/Blueprints/Etc/PlayerInteraction/Doors/Sphere001Mat.uasset" 289
"../../../MyProject/Content/Blueprints/Etc/PlayerInteraction/Doors/Door.uasset" 290
"../../../MyProject/Content/Blueprints/Etc/PlayerInteraction/Doors/Door_Blueprint.uasset" 291
"../../../MyProject/Content/Mannequin/Character/Mesh/MainCharacter/Male/Visor.uasset" 292
"../../../MyProject/Content/Blueprints/Enemies/ShutaiWarrior/Black.uasset" 293
"../../../MyProject/Content/Blueprints/Etc/PlayerInteraction/Doors/DoorLevels.uasset" 294
"../../../MyProject/Content/Blueprints/Etc/PlayerInteraction/Doors/WorldTransition/LevelDoor.uasset" 295
"../../../MyProject/Content/Blueprints/Player/GameSave.uasset" 296
"../../../MyProject/Content/Blueprints/Player/PlayerLibrary.uasset" 297
"../../../MyProject/Content/StarterContent/Textures/T_Rock_Basalt_N.uasset" 298
"../../../MyProject/Content/StarterContent/Materials/NewMaterial2.uasset" 299
"../../../MyProject/Content/Blueprints/PowerUps/Damage/DamageBooster.uasset" 300
"../../../MyProject/Content/Blueprints/Sword/SandSwordWeap.uasset" 301
"../../../MyProject/Content/Blueprints/Sword/SwordMods/SandSwordWeap.uasset" 302
"../../../MyProject/Content/Blueprints/Etc/SandStorm.uasset" 303
"../../../MyProject/Content/Blueprints/Sword/SwordMods/Transitional/SandSword.uasset" 304
"../../../MyProject/Content/Blueprints/Sword/SwordMods/Weapons/FireSwordWeap.uasset" 305
"../../../MyProject/Content/Blueprints/Sword/SwordMods/Weapons/IceSwordWeap.uasset" 306
"../../../Engine/Content/EngineVolumetrics/LightBeam/Materials/T_EV_DustPanner_01.uasset" 307
"../../../Engine/Content/EngineVolumetrics/LightBeam/Materials/T_EV_LightBeam_Falloff_01.uasset" 308
"../../../Engine/Content/EngineVolumetrics/LightBeam/Materials/T_EV_LightBeam_Falloff_02.uasset" 309
"../../../Engine/Content/EngineVolumetrics/LightBeam/Materials/M_EV_Lightbeam_Master_01.uasset" 310
"../../../MyProject/Content/EnemyComponents/AoP_laserBeam.uasset" 311
"../../../MyProject/Content/Geometry/Meshes/1M_Cube_Chamfer.uasset" 312
"../../../MyProject/Content/Geometry/Meshes/1M_Cube_DM.uasset" 313
"../../../MyProject/Content/Geometry/Meshes/TemplateFloor.uasset" 314
"../../../MyProject/Content/Mannequin/Animations/Sword/Weapon_glowing_Anim.uasset" 315
"../../../MyProject/Content/Mannequin/Animations/ThirdPersonCharacter/ThirdPersonIdle.uasset" 316
"../../../MyProject/Content/Mannequin/Animations/ThirdPersonCharacter/ThirdPersonJump_End.uasset" 317
"../../../MyProject/Content/Mannequin/Animations/ThirdPersonCharacter/ThirdPersonSwordSwing1-0.uasset" 318
"../../../MyProject/Content/Mannequin/Animations/ThirdPersonCharacter/ThirdPersonSwordSwing1.uasset" 319
"../../../MyProject/Content/Mannequin/Character/Mesh/UE4_Mannequin_Skeleton2.uasset" 320
"../../../MyProject/Content/Mannequin/Character/Mesh/Enemies/Worm/WORMYI_Anim.uasset" 321
"../../../MyProject/Content/Mannequin/Character/Mesh/MainCharacter/Female/Female_Character__1__Skeleton.uasset" 322
"../../../MyProject/Content/Mannequin/Character/Mesh/MainCharacter/Female/Female.uasset" 323
"../../../MyProject/Content/Mannequin/Character/Mesh/MainCharacter/Female/FemaleJump.uasset" 324
"../../../MyProject/Content/Mannequin/Character/Mesh/MainCharacter/Female/FemaleJumpStart.uasset" 325
"../../../MyProject/Content/Mannequin/Character/Mesh/MainCharacter/Female/FemaleSwingWhileRunning1.uasset" 326
"../../../MyProject/Content/Mannequin/Character/Mesh/MainCharacter/Female/Anims/Female.uasset" 327
"../../../MyProject/Content/Mannequin/Character/Mesh/MainCharacter/Female/Anims/FemaleJump.uasset" 328
"../../../MyProject/Content/Mannequin/Character/Mesh/MainCharacter/Female/Anims/FemaleJumpLoop.uasset" 329
"../../../MyProject/Content/Mannequin/Character/Mesh/MainCharacter/Female/Anims/FemaleSwingWhileRunning1.uasset" 330
"../../../MyProject/Content/Mannequin/Character/Mesh/MainCharacter/Female/Anims/FemaleSwordSwing1.uasset" 331
"../../../MyProject/Content/Mannequin/Character/Mesh/MainCharacter/Female/Anims/FemaleIdle.uasset" 332
"../../../MyProject/Content/Mannequin/Character/Mesh/MainCharacter/Female/Anims/FemaleRunning.uasset" 333
"../../../MyProject/Content/Mannequin/Character/Mesh/MainCharacter/Female/Anims/FemaleWalkRun.uasset" 334
"../../../MyProject/Content/Mannequin/Character/Mesh/MainCharacter/Female/Anims/FemaleAnimBP.uasset" 335
"../../../MyProject/Content/Mannequin/Character/Mesh/MainCharacter/Female/Anims/FemaleSwordGrab.uasset" 336
"../../../MyProject/Content/Mannequin/Character/Mesh/MainCharacter/Female/Anims/FemaleSwordSwing2.uasset" 337
"../../../MyProject/Content/Mannequin/Character/Mesh/MainCharacter/Female/Anims/FemaleSwordSwing3.uasset" 338
"../../../MyProject/Content/Mannequin/Character/Mesh/MainCharacter/Female/Anims/WalkRun-F.uasset" 339
"../../../MyProject/Content/Mannequin/Character/Mesh/MainCharacter/Male/m_-_Default_Texture.uasset" 340
"../../../MyProject/Content/Mannequin/Character/Mesh/MainCharacter/Male/Anims/MaleTornado.uasset" 341
"../../../MyProject/Content/Mannequin/Character/Mesh/MainCharacter/Male/Anims/MaleUpperCut.uasset" 342
"../../../MyProject/Content/Mannequin/Character/Mesh/MainCharacter/Male/Anims/Male_Character_Anim.uasset" 343
"../../../MyProject/Content/Mannequin/Character/Mesh/Sword/Sword_Evil.uasset" 344
"../../../MyProject/Content/Mannequin/Character/Mesh/Sword/t.uasset" 345
"../../../MyProject/Content/SideScrollerCPP/Maps/Lava_World_BuiltData.uasset" 346
"../../../MyProject/Content/StarterContent/NewFont.uasset" 347
"../../../MyProject/Content/StarterContent/Materials/M_Basic_Wall.uasset" 348
"../../../MyProject/Content/StarterContent/Architecture/Pillar_50x500.uasset" 349
"../../../MyProject/Content/StarterContent/Architecture/Wall_400x300.uasset" 350
"../../../MyProject/Content/StarterContent/Architecture/Wall_400x400.uasset" 351
"../../../MyProject/Content/StarterContent/Architecture/Wall_500x500.uasset" 352
"../../../MyProject/Content/StarterContent/Architecture/Wall_Door_400x400.uasset" 353
"../../../MyProject/Content/StarterContent/Architecture/Wall_Window_400x400.uasset" 354
"../../../MyProject/Content/StarterContent/Audio/Light01_Cue.uasset" 355
"../../../MyProject/Content/StarterContent/Audio/Light02_Cue.uasset" 356
"../../../MyProject/Content/StarterContent/Audio/Explosion_Cue.uasset" 357
"../../../MyProject/Content/StarterContent/Textures/T_Burst_M.uasset" 358
"../../../MyProject/Content/StarterContent/Particles/Materials/M_Burst.uasset" 359
"../../../MyProject/Content/StarterContent/Textures/T_Explosion_SubUV.uasset" 360
"../../../MyProject/Content/StarterContent/Particles/Materials/M_explosion_subUV.uasset" 361
"../../../MyProject/Content/StarterContent/Particles/Materials/M_radial_ramp.uasset" 362
"../../../MyProject/Content/StarterContent/Particles/P_Explosion.uasset" 363
"../../../MyProject/Content/StarterContent/Blueprints/Blueprint_Effect_Explosion.uasset" 364
"../../../MyProject/Content/StarterContent/Materials/Dissapear.uasset" 365
"../../../Engine/Content/EditorMeshes/ColorCalibrator/T_ColorGrid.uasset" 366
"../../../MyProject/Content/StarterContent/Materials/M_ColorGrid_LowSpec.uasset" 367
"../../../MyProject/Content/StarterContent/Materials/Sand.uasset" 368
"../../../MyProject/Content/StarterContent/Textures/T_Bush_D.uasset" 369
"../../../MyProject/Content/StarterContent/Textures/T_Bush_N.uasset" 370
"../../../MyProject/Content/StarterContent/Props/Materials/M_Bush.uasset" 371
"../../../MyProject/Content/StarterContent/Props/SM_Bush.uasset" 372
"../../../MyProject/Content/StarterContent/Textures/T_Chair_M.uasset" 373
"../../../MyProject/Content/StarterContent/Textures/T_Chair_N.uasset" 374
"../../../MyProject/Content/StarterContent/Props/Materials/M_Chair.uasset" 375
"../../../MyProject/Content/StarterContent/Props/SM_Couch.uasset" 376
"../../../MyProject/Content/StarterContent/Materials/M_Glass.uasset" 377
"../../../MyProject/Content/StarterContent/Textures/T_Door_M.uasset" 378
"../../../MyProject/Content/StarterContent/Textures/T_Door_N.uasset" 379
"../../../MyProject/Content/StarterContent/Props/Materials/M_Door.uasset" 380
"../../../MyProject/Content/StarterContent/Props/SM_Door.uasset" 381
"../../../MyProject/Content/StarterContent/Props/Materials/M_MaterialSphere.uasset" 382
"../../../MyProject/Content/StarterContent/Props/Materials/M_MaterialSphere_Plain.uasset" 383
"../../../MyProject/Content/StarterContent/Props/SM_MatPreviewMesh_02.uasset" 384
"../../../Engine/Content/Functions/Engine_MaterialFunctions02/Utility/BlendAngleCorrectedNormals.uasset" 385
"../../../MyProject/Content/StarterContent/Textures/T_Detail_Rocky_N.uasset" 386
"../../../MyProject/Content/StarterContent/Textures/T_Rock_Basalt_D.uasset" 387
"../../../MyProject/Content/StarterContent/Textures/T_RockMesh_M.uasset" 388
"../../../MyProject/Content/StarterContent/Textures/T_RockMesh_N.uasset" 389
"../../../MyProject/Content/StarterContent/Props/Materials/M_Rock.uasset" 390
"../../../MyProject/Content/StarterContent/Props/SM_Rock.uasset" 391
"../../../MyProject/Content/StarterContent/Textures/T_Shelf_M.uasset" 392
"../../../MyProject/Content/StarterContent/Textures/T_Shelf_N.uasset" 393
"../../../MyProject/Content/StarterContent/Props/Materials/M_Shelf.uasset" 394
"../../../MyProject/Content/StarterContent/Props/SM_Shelf.uasset" 395
"../../../MyProject/Content/StarterContent/Materials/M_Basic_Floor.uasset" 396
"../../../MyProject/Content/StarterContent/Props/SM_Stairs.uasset" 397
"../../../MyProject/Content/StarterContent/Shapes/Shape_Cone.uasset" 398
"../../../MyProject/Content/StarterContent/Shapes/Shape_Cylinder.uasset" 399
"../../../MyProject/Content/StarterContent/Shapes/Shape_NarrowCapsule.uasset" 400
"../../../MyProject/Content/StarterContent/Shapes/Shape_Pipe.uasset" 401
"../../../MyProject/Content/StarterContent/Shapes/Shape_Pipe_180.uasset" 402
"../../../MyProject/Content/StarterContent/Shapes/Shape_Pipe_90.uasset" 403
"../../../MyProject/Content/StarterContent/Shapes/Shape_Plane.uasset" 404
"../../../MyProject/Content/StarterContent/Shapes/Shape_Torus.uasset" 405
"../../../MyProject/Content/StarterContent/Shapes/Shape_Trim.uasset" 406
"../../../MyProject/Content/StarterContent/Shapes/Shape_Trim_90_In.uasset" 407
"../../../MyProject/Content/StarterContent/Shapes/Shape_Trim_90_Out.uasset" 408
"../../../MyProject/Content/StarterContent/Shapes/Shape_TriPyramid.uasset" 409
"../../../MyProject/Content/StarterContent/Shapes/Shape_Tube.uasset" 410
"../../../MyProject/Content/StarterContent/Shapes/Shape_Wedge_A.uasset" 411
"../../../MyProject/Content/StarterContent/Shapes/Shape_Wedge_B.uasset" 412
"../../../MyProject/Content/StarterContent/Shapes/Shape_WideCapsule.uasset" 413
"../../../Engine/Plugins/2D/Paper2D/Content/DummySprite.uasset" 414
"../../../Engine/Plugins/2D/Paper2D/Content/DefaultPaperTerrainMaterial.uasset" 415
"../../../Engine/Plugins/2D/Paper2D/Content/DefaultSpriteMaterial.uasset" 416
"../../../Engine/Plugins/2D/Paper2D/Content/MaskedUnlitSpriteMaterial.uasset" 417
"../../../Engine/Plugins/2D/Paper2D/Content/OpaqueUnlitSpriteMaterial.uasset" 418
"../../../Engine/Plugins/2D/Paper2D/Content/PlaceholderTextures/DummySpriteTexture.uasset" 419
"../../../MyProject/Content/SideScrollerCPP/Maps/Menus/Tutorial.uasset" 420
"../../../MyProject/Content/SideScrollerCPP/Maps/Menus/TutorialScreen.uasset" 421
"../../../MyProject/Content/SideScrollerCPP/Maps/Menus/TutorialLevel.umap" 422
"../../../MyProject/Content/StarterContent/Materials/ExplosionStoneMat.uasset" 423
"../../../Engine/Content/BasicShapes/Sphere.uasset" 424
"../../../MyProject/Content/Blueprints/Enemies/InfernoBurrower/ExplosionStone.uasset" 425
"../../../MyProject/Content/StarterContent/Materials/LavaStoneMat.uasset" 426
"../../../MyProject/Content/Blueprints/Enemies/InfernoBurrower/LavaStone.uasset" 427
"../../../MyProject/Content/Blueprints/Etc/PlayerInteraction/Lava.uasset" 428
"../../../MyProject/Content/StarterContent/Materials/NewMaterial.uasset" 429
"../../../MyProject/Content/Blueprints/Enemies/InfernoBurrower/BurrowerHP.uasset" 430
"../../../MyProject/Content/Mannequin/Character/Mesh/Enemies/Worm/Wormy_JR_PhysicsAsset.uasset" 431
"../../../MyProject/Content/Mannequin/Character/Mesh/Enemies/Worm/Wormy_JR_Skeleton.uasset" 432
"../../../MyProject/Content/Mannequin/Character/Mesh/Enemies/Worm/Wormy_JR.uasset" 433
"../../../MyProject/Content/StarterContent/Particles/P_Steam_Lit.uasset" 434
"../../../MyProject/Content/Blueprints/Enemies/InfernoBurrower/InfernoBurrower.uasset" 435
"../../../MyProject/Content/StarterContent/Textures/T_Dust_Particle_D.uasset" 436
"../../../MyProject/Content/StarterContent/Particles/Materials/M_Dust_Particle.uasset" 437
"../../../MyProject/Content/Blueprints/Etc/LavaEmbers.uasset" 438
"../../../MyProject/Content/Blueprints/Etc/LavaParticles.uasset" 439
"../../../MyProject/Content/Blueprints/Etc/PlayerInteraction/KillArea.uasset" 440
"../../../MyProject/Content/StarterContent/Materials/JumpBooster.uasset" 441
"../../../MyProject/Content/StarterContent/Shapes/Shape_QuadPyramid.uasset" 442
"../../../MyProject/Content/Blueprints/PowerUps/JumpPower.uasset" 443
"../../../MyProject/Content/Blueprints/Player/Lava1.uasset" 444
"../../../MyProject/Content/StarterContent/Materials/LavaBackground1.uasset" 445
"../../../MyProject/Content/SideScrollerCPP/Maps/Bosses/Inferno_Burrower.umap" 446
"../../../MyProject/Content/Blueprints/Enemies/Omega/Anims/OmegaRemodeledFire.uasset" 447
"../../../MyProject/Content/Blueprints/Enemies/Omega/Anims/OmegaRemodeledSkyFire.uasset" 448
"../../../MyProject/Content/Blueprints/Enemies/Omega/Anims/OmegaRemodeledSmash.uasset" 449
"../../../MyProject/Content/Blueprints/Enemies/Omega/Anims/OmegaRemodeledIdle.uasset" 450
"../../../MyProject/Content/Blueprints/Enemies/Omega/Anims/OmegaRemodeledWalk.uasset" 451
"../../../MyProject/Content/Blueprints/Enemies/Omega/Anims/OmegaBlendSpace.uasset" 452
"../../../MyProject/Content/Blueprints/Enemies/Omega/Anims/OmegaAnimBP.uasset" 453
"../../../MyProject/Content/Blueprints/Enemies/ShutaiWarrior/Red.uasset" 454
"../../../MyProject/Content/Blueprints/Enemies/Omega/Fireball.uasset" 455
"../../../MyProject/Content/Blueprints/Enemies/Omega/SkyFireball.uasset" 456
"../../../MyProject/Content/Blueprints/Sword/SwordMods/Weapons/SandSwordWeap.uasset" 457
"../../../MyProject/Content/Blueprints/Sword/SwordMods/Pick-Ups/SandSword.uasset" 458
"../../../MyProject/Content/Blueprints/Enemies/Omega/Materials/Maximo_AlphaSG_-_Default_Texture.uasset" 459
"../../../MyProject/Content/Blueprints/Enemies/Omega/Materials/Joints.uasset" 460
"../../../MyProject/Content/Blueprints/Enemies/Omega/Materials/OmegaTexture.uasset" 461
"../../../MyProject/Content/Blueprints/Enemies/Omega/Omega_PhysicsAsset.uasset" 462
"../../../MyProject/Content/Blueprints/Enemies/Omega/Omega.uasset" 463
"../../../MyProject/Content/StarterContent/Particles/P_Ambient_Dust.uasset" 464
"../../../MyProject/Content/Blueprints/Enemies/Omega/ShutaiOmega.uasset" 465
"../../../MyProject/Content/Blueprints/Etc/Geometry/FlamingPlatforms.uasset" 466
"../../../MyProject/Content/Blueprints/Player/Desert.uasset" 467
"../../../MyProject/Content/Ruins_Background.uasset" 468
"../../../MyProject/Content/StarterContent/Textures/T_Perlin_Noise_M.uasset" 469
"../../../MyProject/Content/StarterContent/Textures/T_Rock_Sandstone_D.uasset" 470
"../../../MyProject/Content/StarterContent/Textures/T_Rock_Sandstone_N.uasset" 471
"../../../MyProject/Content/StarterContent/Materials/M_Rock_Sandstone.uasset" 472
"../../../MyProject/Content/SideScrollerCPP/Maps/Bosses/Shutai_Omega.umap" 473
"../../../MyProject/Content/SideScrollerCPP/Maps/Menus/GameOverScreen.uasset" 474
"../../../MyProject/Content/SideScrollerCPP/Maps/Menus/GameOverMenu.uasset" 475
"../../../MyProject/Content/SideScrollerCPP/Maps/Menus/GameOver.umap" 476
"../../../MyProject/Content/SideScrollerCPP/Maps/Menus/MenuScreen.uasset" 477
"../../../MyProject/Content/SideScrollerCPP/Maps/Menus/MainMenu.uasset" 478
"../../../MyProject/Content/SideScrollerCPP/Maps/Menus/StartScreen.umap" 479
"../../../Engine/Content/Maps/Entry.umap" 480
"../../../MyProject/Content/Blueprints/Enemies/FireGlider/FireGliderProjectile.uasset" 481
"../../../MyProject/Content/Geometry/Meshes/01_-_Default.uasset" 482
"../../../MyProject/Content/Geometry/Meshes/02_-_Default.uasset" 483
"../../../MyProject/Content/Geometry/Meshes/FireGlider.uasset" 484
"../../../MyProject/Content/Blueprints/Enemies/FireGlider/FireGlider.uasset" 485
"../../../MyProject/Content/Blueprints/Enemies/ShutaiWarrior/AlienWarrior_Skeleton.uasset" 486
"../../../MyProject/Content/Blueprints/Enemies/ShutaiWarrior/AlienWarrior_Anim.uasset" 487
"../../../MyProject/Content/Blueprints/Enemies/ShutaiWarrior/AlienWarrior_PhysicsAsset.uasset" 488
"../../../MyProject/Content/Blueprints/Enemies/ShutaiWarrior/AlienWarrior.uasset" 489
"../../../MyProject/Content/Blueprints/Enemies/ShutaiWarrior/ShutaiWarrior.uasset" 490
"../../../MyProject/Content/Mannequin/Character/Mesh/Enemies/Worm/Wormy_JR_Anim.uasset" 491
"../../../MyProject/Content/Blueprints/Enemies/WormEnemyWithAI.uasset" 492
"../../../MyProject/Content/Blueprints/Etc/Geometry/BackWall_Blueprint.uasset" 493
"../../../MyProject/Content/Blueprints/Etc/PlayerInteraction/Doors/Bosses/InfernoBurrower.uasset" 494
"../../../MyProject/Content/Blueprints/Etc/PlayerInteraction/Doors/WorldTransition/RuinsWorldDoor.uasset" 495
"../../../MyProject/Content/Blueprints/Etc/PlayerInteraction/SaveStation.uasset" 496
"../../../MyProject/Content/StarterContent/Textures/T_Metal_Steel_D.uasset" 497
"../../../MyProject/Content/StarterContent/Textures/T_Metal_Steel_N.uasset" 498
"../../../MyProject/Content/StarterContent/Materials/M_Metal_Steel.uasset" 499
"../../../MyProject/Content/Blueprints/Etc/PlayerInteraction/Piston_Cup.uasset" 500
"../../../MyProject/Content/Blueprints/Etc/PlayerInteraction/ShipPart.uasset" 501
"../../../MyProject/Content/SideScrollerCPP/Maps/Worlds/Lava_World_BuiltData.uasset" 502
"../../../MyProject/Content/StarterContent/Textures/_xpMfEap.uasset" 503
"../../../MyProject/Content/StarterContent/Materials/ShipTexture.uasset" 504
"../../../MyProject/Content/Blueprints/Etc/Material.uasset" 505
"../../../MyProject/Content/Blueprints/Etc/ship.uasset" 506
"../../../MyProject/Content/Sounds/Shutai_LavaCave.uasset" 507
"../../../MyProject/Content/SideScrollerCPP/Maps/Worlds/Lava_World.umap" 508
"../../../MyProject/Content/Blueprints/Enemies/SandWorm/Materials/Body.uasset" 509
"../../../MyProject/Content/Blueprints/Enemies/SandWorm/Materials/Body_Mat.uasset" 510
"../../../MyProject/Content/Blueprints/Enemies/SandWorm/Materials/EyeBall.uasset" 511
"../../../MyProject/Content/Blueprints/Enemies/SandWorm/Materials/EyeBall_Mat.uasset" 512
"../../../MyProject/Content/Blueprints/Enemies/SandWorm/Materials/Horn.uasset" 513
"../../../MyProject/Content/Blueprints/Enemies/SandWorm/Materials/Horn_Mat.uasset" 514
"../../../MyProject/Content/Blueprints/Enemies/SandWorm/Materials/Pupil.uasset" 515
"../../../MyProject/Content/Blueprints/Enemies/SandWorm/Materials/Pupil_Mat.uasset" 516
"../../../MyProject/Content/Blueprints/Enemies/SandWorm/SandWorm_PhysicsAsset.uasset" 517
"../../../MyProject/Content/Blueprints/Enemies/SandWorm/SandWorm.uasset" 518
"../../../MyProject/Content/Blueprints/Enemies/SandWorm/SandWormBP.uasset" 519
"../../../MyProject/Content/Blueprints/Etc/Geometry/Elevator_Blueprint.uasset" 520
"../../../MyProject/Content/Blueprints/Etc/PlayerInteraction/Doors/Bosses/ShutaiOmega.uasset" 521
"../../../MyProject/Content/SideScrollerCPP/Maps/Worlds/Ruins_World.umap" 522
"../../../MyProject/Content/StarterContent/Blueprints/Assets/FogBrightnessLUT.uasset" 523
"../../../MyProject/Content/StarterContent/Blueprints/Assets/SunlightColorLUT.uasset" 524
"../../../MyProject/Content/StarterContent/Blueprints/Assets/M_LightStage_Arrows.uasset" 525
"../../../Engine/Content/MapTemplates/Sky/DaylightAmbientCubemap.uasset" 526
"../../../MyProject/Content/StarterContent/Blueprints/Assets/M_LightStage_Skybox_Master.uasset" 527
"../../../MyProject/Content/StarterContent/Blueprints/Assets/M_LightStage_Skybox_Black.uasset" 528
"../../../MyProject/Content/StarterContent/Blueprints/Assets/M_LightStage_Skybox_HDRI.uasset" 529
"../../../Engine/Content/EditorMaterials/Thumbnails/SkySphereMaterial.uasset" 530
"../../../MyProject/Content/StarterContent/Blueprints/Assets/Skybox.uasset" 531
"../../../MyProject/Content/StarterContent/Blueprints/Assets/SM_Arrows.uasset" 532
"../../../MyProject/Content/StarterContent/HDRI/HDRI_Epic_Courtyard_Daylight.uasset" 533
"../../../MyProject/Content/StarterContent/Blueprints/BP_LightStudio.uasset" 534
"../../../MyProject/Content/StarterContent/Maps/Advanced_Lighting_BuiltData.uasset" 535
"../../../MyProject/Content/StarterContent/Materials/M_AssetPlatform.uasset" 536
"../../../Engine/Content/EditorMeshes/ColorCalibrator/M_ChromeBall.uasset" 537
"../../../Engine/Content/EditorMeshes/ColorCalibrator/M_ClearCoat.uasset" 538
"../../../Engine/Content/EditorMeshes/ColorCalibrator/M_ClearCoatBlack.uasset" 539
"../../../Engine/Content/EditorMeshes/ColorCalibrator/M_ColorGrid.uasset" 540
"../../../Engine/Content/EditorMeshes/ColorCalibrator/M_GreyBall.uasset" 541
"../../../Engine/Content/EditorMeshes/ColorCalibrator/SM_ColorCalibrator.uasset" 542
"../../../MyProject/Content/StarterContent/Architecture/SM_AssetPlatform.uasset" 543
"../../../MyProject/Content/StarterContent/Maps/Advanced_Lighting.umap" 544
"../../../Engine/Content/EngineSky/C_Sky_Cloud_Color.uasset" 545
"../../../Engine/Content/EngineSky/C_Sky_Horizon_Color.uasset" 546
"../../../Engine/Content/EngineSky/C_Sky_Zenith_Color.uasset" 547
"../../../Engine/Content/EngineSky/T_Sky_Blue.uasset" 548
"../../../Engine/Content/EngineSky/T_Sky_Clouds_M.uasset" 549
"../../../Engine/Content/EngineSky/T_Sky_Stars.uasset" 550
"../../../Engine/Content/EngineSky/M_Sky_Panning_Clouds2.uasset" 551
"../../../Engine/Content/EngineSky/SM_SkySphere.uasset" 552
"../../../Engine/Content/EngineSky/BP_Sky_Sphere.uasset" 553
"../../../MyProject/Content/StarterContent/Maps/Minimal_Default_BuiltData.uasset" 554
"../../../MyProject/Content/StarterContent/Materials/M_Metal_Brushed_Nickel.uasset" 555
"../../../MyProject/Content/StarterContent/Textures/T_Metal_Aluminum_D.uasset" 556
"../../../MyProject/Content/StarterContent/Textures/T_Metal_Gold_N.uasset" 557
"../../../MyProject/Content/StarterContent/Materials/M_Metal_Burnished_Steel.uasset" 558
"../../../MyProject/Content/StarterContent/Textures/T_Metal_Copper_D.uasset" 559
"../../../MyProject/Content/StarterContent/Materials/M_Metal_Copper.uasset" 560
"../../../MyProject/Content/StarterContent/Textures/T_Statue_M.uasset" 561
"../../../MyProject/Content/StarterContent/Textures/T_Statue_N.uasset" 562
"../../../MyProject/Content/StarterContent/Props/Materials/M_StatueGlass.uasset" 563
"../../../MyProject/Content/StarterContent/Architecture/Floor_400x400.uasset" 564
"../../../MyProject/Content/StarterContent/Audio/Starter_Background_Cue.uasset" 565
"../../../MyProject/Content/StarterContent/Props/SM_Chair.uasset" 566
"../../../MyProject/Content/StarterContent/Props/Materials/M_Statue.uasset" 567
"../../../MyProject/Content/StarterContent/Props/SM_Statue.uasset" 568
"../../../MyProject/Content/StarterContent/Textures/T_TableRound_M.uasset" 569
"../../../MyProject/Content/StarterContent/Textures/T_TableRound_N.uasset" 570
"../../../MyProject/Content/StarterContent/Props/Materials/M_TableRound.uasset" 571
"../../../MyProject/Content/StarterContent/Props/SM_TableRound.uasset" 572
"../../../MyProject/Content/StarterContent/Maps/Minimal_Default.umap" 573
"../../../MyProject/Content/StarterContent/Audio/Fire01_Cue.uasset" 574
"../../../MyProject/Content/StarterContent/Blueprints/Blueprint_Effect_Fire.uasset" 575
"../../../MyProject/Content/StarterContent/Audio/Smoke01_Cue.uasset" 576
"../../../MyProject/Content/StarterContent/Particles/P_Smoke.uasset" 577
"../../../MyProject/Content/StarterContent/Blueprints/Blueprint_Effect_Smoke.uasset" 578
"../../../MyProject/Content/StarterContent/Audio/Fire_Sparks01_Cue.uasset" 579
"../../../MyProject/Content/StarterContent/Particles/P_Sparks.uasset" 580
"../../../MyProject/Content/StarterContent/Blueprints/Blueprint_Effect_Sparks.uasset" 581
"../../../MyProject/Content/StarterContent/Audio/Steam01_Cue.uasset" 582
"../../../MyProject/Content/StarterContent/Blueprints/Blueprint_Effect_Steam.uasset" 583
"../../../MyProject/Content/StarterContent/Textures/T_Lamp_M.uasset" 584
"../../../MyProject/Content/StarterContent/Textures/T_Lamp_N.uasset" 585
"../../../MyProject/Content/StarterContent/Props/Materials/M_Lamp.uasset" 586
"../../../MyProject/Content/StarterContent/Props/SM_Lamp_Ceiling.uasset" 587
"../../../MyProject/Content/StarterContent/Blueprints/Blueprint_CeilingLight.uasset" 588
"../../../MyProject/Content/StarterContent/Props/SM_Lamp_Wall.uasset" 589
"../../../MyProject/Content/StarterContent/Blueprints/Blueprint_WallSconce.uasset" 590
"../../../MyProject/Content/StarterContent/Maps/StarterMap_BuiltData.uasset" 591
"../../../Engine/Content/Functions/Engine_MaterialFunctions03/Procedurals/ComputeFilterWidth.uasset" 592
"../../../Engine/Content/EngineMaterials/AntiAliasedTextMaterialTranslucent.uasset" 593
"../../../MyProject/Content/StarterContent/Textures/T_Brick_Clay_Beveled_D.uasset" 594
"../../../MyProject/Content/StarterContent/Textures/T_Brick_Clay_Beveled_M.uasset" 595
"../../../MyProject/Content/StarterContent/Textures/T_Brick_Clay_Beveled_N.uasset" 596
"../../../MyProject/Content/StarterContent/Materials/M_Brick_Clay_Beveled.uasset" 597
"../../../MyProject/Content/StarterContent/Textures/T_Brick_Clay_New_D.uasset" 598
"../../../MyProject/Content/StarterContent/Textures/T_Brick_Clay_New_M.uasset" 599
"../../../MyProject/Content/StarterContent/Textures/T_Brick_Clay_New_N.uasset" 600
"../../../MyProject/Content/StarterContent/Materials/M_Brick_Clay_New.uasset" 601
"../../../MyProject/Content/StarterContent/Textures/T_Brick_Clay_Old_D.uasset" 602
"../../../MyProject/Content/StarterContent/Textures/T_Brick_Clay_Old_N.uasset" 603
"../../../MyProject/Content/StarterContent/Materials/M_Brick_Clay_Old.uasset" 604
"../../../MyProject/Content/StarterContent/Textures/T_Brick_Cut_Stone_D.uasset" 605
"../../../MyProject/Content/StarterContent/Textures/T_Brick_Cut_Stone_N.uasset" 606
"../../../MyProject/Content/StarterContent/Materials/M_Brick_Cut_Stone.uasset" 607
"../../../MyProject/Content/StarterContent/Textures/T_Brick_Hewn_Stone_D.uasset" 608
"../../../MyProject/Content/StarterContent/Textures/T_Brick_Hewn_Stone_M.uasset" 609
"../../../MyProject/Content/StarterContent/Textures/T_Brick_Hewn_Stone_N.uasset" 610
"../../../MyProject/Content/StarterContent/Materials/M_Brick_Hewn_Stone.uasset" 611
"../../../MyProject/Content/StarterContent/Textures/T_Ceramic_Tile_M.uasset" 612
"../../../MyProject/Content/StarterContent/Textures/T_Ceramic_Tile_N.uasset" 613
"../../../MyProject/Content/StarterContent/Textures/T_Rock_Marble_Polished_D.uasset" 614
"../../../MyProject/Content/StarterContent/Materials/M_Ceramic_Tile_Checker.uasset" 615
"../../../MyProject/Content/StarterContent/Textures/T_CobbleStone_Pebble_D.uasset" 616
"../../../MyProject/Content/StarterContent/Textures/T_CobbleStone_Pebble_M.uasset" 617
"../../../MyProject/Content/StarterContent/Textures/T_CobbleStone_Pebble_N.uasset" 618
"../../../MyProject/Content/StarterContent/Materials/M_CobbleStone_Pebble.uasset" 619
"../../../MyProject/Content/StarterContent/Textures/T_Concrete_Grime_D.uasset" 620
"../../../MyProject/Content/StarterContent/Textures/T_Metal_Rust_N.uasset" 621
"../../../MyProject/Content/StarterContent/Materials/M_Concrete_Grime.uasset" 622
"../../../MyProject/Content/StarterContent/Textures/T_Concrete_Panels_D.uasset" 623
"../../../MyProject/Content/StarterContent/Textures/T_Concrete_Panels_N.uasset" 624
"../../../MyProject/Content/StarterContent/Materials/M_Concrete_Panels.uasset" 625
"../../../MyProject/Content/StarterContent/Textures/T_Concrete_Poured_D.uasset" 626
"../../../MyProject/Content/StarterContent/Textures/T_Concrete_Poured_N.uasset" 627
"../../../MyProject/Content/StarterContent/Materials/M_Concrete_Poured.uasset" 628
"../../../MyProject/Content/StarterContent/Textures/T_Concrete_Tiles_D.uasset" 629
"../../../MyProject/Content/StarterContent/Textures/T_Concrete_Tiles_M.uasset" 630
"../../../MyProject/Content/StarterContent/Textures/T_Concrete_Tiles_N.uasset" 631
"../../../MyProject/Content/StarterContent/Textures/T_Concrete_Tiles_Variation_M.uasset" 632
"../../../MyProject/Content/StarterContent/Materials/M_Concrete_Tiles.uasset" 633
"../../../MyProject/Content/StarterContent/Textures/T_Ground_Grass_D.uasset" 634
"../../../MyProject/Content/StarterContent/Textures/T_Ground_Grass_N.uasset" 635
"../../../MyProject/Content/StarterContent/Materials/M_Ground_Grass.uasset" 636
"../../../MyProject/Content/StarterContent/Textures/T_Ground_Gravel_D.uasset" 637
"../../../MyProject/Content/StarterContent/Textures/T_Ground_Gravel_N.uasset" 638
"../../../MyProject/Content/StarterContent/Materials/M_Ground_Gravel.uasset" 639
"../../../MyProject/Content/StarterContent/Textures/T_ground_Moss_D.uasset" 640
"../../../MyProject/Content/StarterContent/Textures/T_Ground_Moss_N.uasset" 641
"../../../MyProject/Content/StarterContent/Materials/M_Ground_Moss.uasset" 642
"../../../MyProject/Content/StarterContent/Textures/T_Metal_Gold_D.uasset" 643
"../../../MyProject/Content/StarterContent/Materials/M_Metal_Gold.uasset" 644
"../../../MyProject/Content/StarterContent/Textures/T_Metal_Rust_D.uasset" 645
"../../../MyProject/Content/StarterContent/Materials/M_Metal_Rust.uasset" 646
"../../../MyProject/Content/StarterContent/Materials/M_Rock_Basalt.uasset" 647
"../../../MyProject/Content/StarterContent/Materials/M_Rock_Marble_Polished.uasset" 648
"../../../MyProject/Content/StarterContent/Textures/T_Rock_Slate_D.uasset" 649
"../../../MyProject/Content/StarterContent/Textures/T_Rock_Slate_N.uasset" 650
"../../../MyProject/Content/StarterContent/Materials/M_Rock_Slate.uasset" 651
"../../../MyProject/Content/StarterContent/Textures/T_Checker_Noise_M.uasset" 652
"../../../MyProject/Content/StarterContent/Textures/T_Single_Tile_N.uasset" 653
"../../../MyProject/Content/StarterContent/Textures/T_Tech_Dot_M.uasset" 654
"../../../MyProject/Content/StarterContent/Textures/T_Tech_Dot_N.uasset" 655
"../../../MyProject/Content/StarterContent/Materials/M_Tech_Checker_Dot.uasset" 656
"../../../MyProject/Content/StarterContent/Textures/T_Tech_Hex_Tile_M.uasset" 657
"../../../MyProject/Content/StarterContent/Textures/T_Tech_Hex_Tile_N.uasset" 658
"../../../MyProject/Content/StarterContent/Materials/M_Tech_Hex_Tile.uasset" 659
"../../../MyProject/Content/StarterContent/Materials/M_Tech_Hex_Tile_Pulse.uasset" 660
"../../../MyProject/Content/StarterContent/Textures/T_Tech_Panel_M.uasset" 661
"../../../MyProject/Content/StarterContent/Textures/T_Tech_Panel_N.uasset" 662
"../../../MyProject/Content/StarterContent/Materials/M_Tech_Panel.uasset" 663
"../../../MyProject/Content/StarterContent/Materials/M_Water_Lake.uasset" 664
"../../../MyProject/Content/StarterContent/Textures/T_Water_M.uasset" 665
"../../../MyProject/Content/StarterContent/Materials/M_Water_Ocean.uasset" 666
"../../../MyProject/Content/StarterContent/Textures/T_Wood_Floor_Walnut_D.uasset" 667
"../../../MyProject/Content/StarterContent/Textures/T_Wood_Floor_Walnut_M.uasset" 668
"../../../MyProject/Content/StarterContent/Textures/T_Wood_Floor_Walnut_N.uasset" 669
"../../../MyProject/Content/StarterContent/Materials/M_Wood_Floor_Walnut_Polished.uasset" 670
"../../../Engine/Content/Functions/Engine_MaterialFunctions01/Opacity/AlphaOffset.uasset" 671
"../../../MyProject/Content/StarterContent/Materials/M_Wood_Floor_Walnut_Worn.uasset" 672
"../../../MyProject/Content/StarterContent/Textures/T_Wood_Oak_D.uasset" 673
"../../../MyProject/Content/StarterContent/Textures/T_Wood_Oak_N.uasset" 674
"../../../MyProject/Content/StarterContent/Materials/M_Wood_Oak.uasset" 675
"../../../MyProject/Content/StarterContent/Textures/T_Wood_Pine_D.uasset" 676
"../../../MyProject/Content/StarterContent/Textures/T_Wood_Pine_N.uasset" 677
"../../../MyProject/Content/StarterContent/Materials/M_Wood_Pine.uasset" 678
"../../../MyProject/Content/StarterContent/Textures/T_Wood_Walnut_D.uasset" 679
"../../../MyProject/Content/StarterContent/Textures/T_Wood_Walnut_N.uasset" 680
"../../../MyProject/Content/StarterContent/Materials/M_Wood_Walnut.uasset" 681
"../../../MyProject/Content/StarterContent/Architecture/Wall_400x200.uasset" 682
"../../../MyProject/Content/StarterContent/Architecture/Wall_Door_400x300.uasset" 683
"../../../MyProject/Content/StarterContent/Architecture/Wall_Window_400x300.uasset" 684
"../../../MyProject/Content/StarterContent/Audio/Collapse_Cue.uasset" 685
"../../../MyProject/Content/StarterContent/Audio/Starter_Music_Cue.uasset" 686
"../../../MyProject/Content/StarterContent/Props/MaterialSphere.uasset" 687
"../../../MyProject/Content/StarterContent/Textures/T_Frame_M.uasset" 688
"../../../MyProject/Content/StarterContent/Textures/T_Frame_N.uasset" 689
"../../../MyProject/Content/StarterContent/Props/Materials/M_Frame.uasset" 690
"../../../MyProject/Content/StarterContent/Props/SM_CornerFrame.uasset" 691
"../../../MyProject/Content/StarterContent/Props/SM_DoorFrame.uasset" 692
"../../../MyProject/Content/StarterContent/Props/SM_GlassWindow.uasset" 693
"../../../MyProject/Content/StarterContent/Props/SM_PillarFrame.uasset" 694
"../../../MyProject/Content/StarterContent/Props/SM_PillarFrame300.uasset" 695
"../../../MyProject/Content/StarterContent/Props/SM_WindowFrame.uasset" 696
"../../../MyProject/Content/StarterContent/Shapes/Shape_Cube.uasset" 697
"../../../MyProject/Content/StarterContent/Shapes/Shape_Sphere.uasset" 698
"../../../MyProject/Content/StarterContent/Maps/StarterMap.umap" 699
